#
# There is insufficient memory for the Java Runtime Environment to continue.
# Native memory allocation (malloc) failed to allocate 32784 bytes for Chunk::new
# Possible reasons:
#   The system is out of physical RAM or swap space
#   The process is running with CompressedOops enabled, and the Java Heap may be blocking the growth of the native heap
# Possible solutions:
#   Reduce memory load on the system
#   Increase physical memory or swap space
#   Check if swap backing store is full
#   Decrease Java heap size (-Xmx/-Xms)
#   Decrease number of Java threads
#   Decrease Java thread stack sizes (-Xss)
#   Set larger code cache with -XX:ReservedCodeCacheSize=
#   JVM is running with Unscaled Compressed Oops mode in which the Java heap is
#     placed in the first 4GB address space. The Java Heap base address is the
#     maximum limit for the native heap growth. Please use -XX:HeapBaseMinAddress
#     to set the Java Heap base and to place the Java Heap above 4GB virtual address.
# This output file may be truncated or incomplete.
#
#  Out of Memory Error (./src/hotspot/share/memory/arena.cpp:197), pid=13728, tid=14596
#
# JRE version: OpenJDK Runtime Environment Microsoft-7208460 (11.0.18+10) (build 11.0.18+10-LTS)
# Java VM: OpenJDK 64-Bit Server VM Microsoft-7208460 (11.0.18+10-LTS, mixed mode, tiered, compressed oops, g1 gc, windows-amd64)
# No core dump will be written. Minidumps are not enabled by default on client versions of Windows
#

---------------  S U M M A R Y ------------

Command Line: -Xmx64m -Xms64m -Dorg.gradle.appname=gradlew org.gradle.wrapper.GradleWrapperMain app:installDebug -PreactNativeDevServerPort=8081

Host: Intel(R) Core(TM) i5-8250U CPU @ 1.60GHz, 8 cores, 7G,  Windows 10 , 64 bit Build 19041 (10.0.19041.662)
Time: Wed May 17 11:21:17 2023 SE Asia Standard Time elapsed time: 1.130224 seconds (0d 0h 0m 1s)

---------------  T H R E A D  ---------------

Current thread (0x0000023c36c94800):  JavaThread "C2 CompilerThread1" daemon [_thread_in_native, id=14596, stack(0x0000006af9b00000,0x0000006af9c00000)]


Current CompileTask:
C2:   1130  867   !   4       jdk.internal.loader.URLClassPath$JarLoader::getResource (65 bytes)

Stack: [0x0000006af9b00000,0x0000006af9c00000]
Native frames: (J=compiled Java code, j=interpreted, Vv=VM code, C=native code)
V  [jvm.dll+0x62bf8a]
V  [jvm.dll+0x7b8fb9]
V  [jvm.dll+0x7ba6a8]
V  [jvm.dll+0x7bad83]
V  [jvm.dll+0x250248]
V  [jvm.dll+0xc260c]
V  [jvm.dll+0xc2bcc]
V  [jvm.dll+0xc271b]
V  [jvm.dll+0x60978f]
V  [jvm.dll+0x894c3]
V  [jvm.dll+0x65702b]
V  [jvm.dll+0x5b8b41]
V  [jvm.dll+0x2091df]
V  [jvm.dll+0x20850d]
V  [jvm.dll+0x18a4b1]
V  [jvm.dll+0x217eec]
V  [jvm.dll+0x21612b]
V  [jvm.dll+0x77bac0]
V  [jvm.dll+0x7749f4]
V  [jvm.dll+0x62adf5]
C  [ucrtbase.dll+0x214c2]
C  [KERNEL32.DLL+0x17034]
C  [ntdll.dll+0x4d0d1]


---------------  P R O C E S S  ---------------

Threads class SMR info:
_java_thread_list=0x0000023c3693e2e0, length=11, elements={
0x0000023c1b6cf000, 0x0000023c36578000, 0x0000023c36581000, 0x0000023c365e3800,
0x0000023c365e4800, 0x0000023c365e7000, 0x0000023c36608000, 0x0000023c3659a000,
0x0000023c36731800, 0x0000023c36874800, 0x0000023c36c94800
}

Java Threads: ( => current thread )
  0x0000023c1b6cf000 JavaThread "main" [_thread_in_vm, id=8168, stack(0x0000006af8a00000,0x0000006af8b00000)]
  0x0000023c36578000 JavaThread "Reference Handler" daemon [_thread_blocked, id=15520, stack(0x0000006af9100000,0x0000006af9200000)]
  0x0000023c36581000 JavaThread "Finalizer" daemon [_thread_blocked, id=6208, stack(0x0000006af9200000,0x0000006af9300000)]
  0x0000023c365e3800 JavaThread "Signal Dispatcher" daemon [_thread_blocked, id=17632, stack(0x0000006af9300000,0x0000006af9400000)]
  0x0000023c365e4800 JavaThread "Attach Listener" daemon [_thread_blocked, id=8428, stack(0x0000006af9400000,0x0000006af9500000)]
  0x0000023c365e7000 JavaThread "Service Thread" daemon [_thread_blocked, id=16004, stack(0x0000006af9500000,0x0000006af9600000)]
  0x0000023c36608000 JavaThread "C2 CompilerThread0" daemon [_thread_blocked, id=11640, stack(0x0000006af9600000,0x0000006af9700000)]
  0x0000023c3659a000 JavaThread "C1 CompilerThread0" daemon [_thread_blocked, id=14168, stack(0x0000006af9700000,0x0000006af9800000)]
  0x0000023c36731800 JavaThread "Sweeper thread" daemon [_thread_blocked, id=3344, stack(0x0000006af9800000,0x0000006af9900000)]
  0x0000023c36874800 JavaThread "Common-Cleaner" daemon [_thread_blocked, id=15220, stack(0x0000006af9a00000,0x0000006af9b00000)]
=>0x0000023c36c94800 JavaThread "C2 CompilerThread1" daemon [_thread_in_native, id=14596, stack(0x0000006af9b00000,0x0000006af9c00000)]

Other Threads:
  0x0000023c36550000 VMThread "VM Thread" [stack: 0x0000006af9000000,0x0000006af9100000] [id=5992]
  0x0000023c3686c000 WatcherThread [stack: 0x0000006af9900000,0x0000006af9a00000] [id=13188]
  0x0000023c1b6e8800 GCTaskThread "GC Thread#0" [stack: 0x0000006af8b00000,0x0000006af8c00000] [id=16568]
  0x0000023c371fb000 GCTaskThread "GC Thread#1" [stack: 0x0000006af9c00000,0x0000006af9d00000] [id=19112]
  0x0000023c1b6f2800 ConcurrentGCThread "G1 Main Marker" [stack: 0x0000006af8c00000,0x0000006af8d00000] [id=13560]
  0x0000023c1b6f4000 ConcurrentGCThread "G1 Conc#0" [stack: 0x0000006af8d00000,0x0000006af8e00000] [id=16936]
  0x0000023c1b75d000 ConcurrentGCThread "G1 Refine#0" [stack: 0x0000006af8e00000,0x0000006af8f00000] [id=10960]
  0x0000023c1b75e000 ConcurrentGCThread "G1 Young RemSet Sampling" [stack: 0x0000006af8f00000,0x0000006af9000000] [id=17484]

Threads with active compile tasks:
C2 CompilerThread1     1156  867   !   4       jdk.internal.loader.URLClassPath$JarLoader::getResource (65 bytes)

VM state:not at safepoint (normal execution)

VM Mutex/Monitor currently owned by a thread: None

Heap address: 0x00000000fc000000, size: 64 MB, Compressed Oops mode: 32-bit
Narrow klass base: 0x0000000000000000, Narrow klass shift: 3
Compressed class space size: 1073741824 Address: 0x0000000100000000

Heap:
 garbage-first heap   total 65536K, used 9266K [0x00000000fc000000, 0x0000000100000000)
  region size 1024K, 4 young (4096K), 3 survivors (3072K)
 Metaspace       used 10367K, capacity 10622K, committed 10880K, reserved 1064960K
  class space    used 1059K, capacity 1137K, committed 1152K, reserved 1048576K
Heap Regions: E=young(eden), S=young(survivor), O=old, HS=humongous(starts), HC=humongous(continues), CS=collection set, F=free, A=archive, TAMS=top-at-mark-start (previous, next)
|   0|0x00000000fc000000, 0x00000000fc000000, 0x00000000fc100000|  0%| F|  |TAMS 0x00000000fc000000, 0x00000000fc000000| Untracked 
|   1|0x00000000fc100000, 0x00000000fc100000, 0x00000000fc200000|  0%| F|  |TAMS 0x00000000fc100000, 0x00000000fc100000| Untracked 
|   2|0x00000000fc200000, 0x00000000fc200000, 0x00000000fc300000|  0%| F|  |TAMS 0x00000000fc200000, 0x00000000fc200000| Untracked 
|   3|0x00000000fc300000, 0x00000000fc400000, 0x00000000fc400000|100%|HS|  |TAMS 0x00000000fc300000, 0x00000000fc300000| Complete 
|   4|0x00000000fc400000, 0x00000000fc500000, 0x00000000fc500000|100%|HC|  |TAMS 0x00000000fc400000, 0x00000000fc400000| Complete 
|   5|0x00000000fc500000, 0x00000000fc600000, 0x00000000fc600000|100%|HC|  |TAMS 0x00000000fc500000, 0x00000000fc500000| Complete 
|   6|0x00000000fc600000, 0x00000000fc700000, 0x00000000fc700000|100%| O|  |TAMS 0x00000000fc600000, 0x00000000fc600000| Untracked 
|   7|0x00000000fc700000, 0x00000000fc800000, 0x00000000fc800000|100%| O|  |TAMS 0x00000000fc700000, 0x00000000fc700000| Untracked 
|   8|0x00000000fc800000, 0x00000000fc900000, 0x00000000fc900000|100%| O|  |TAMS 0x00000000fc800000, 0x00000000fc800000| Untracked 
|   9|0x00000000fc900000, 0x00000000fc90ca00, 0x00000000fca00000|  4%| O|  |TAMS 0x00000000fc900000, 0x00000000fc900000| Untracked 
|  10|0x00000000fca00000, 0x00000000fca00000, 0x00000000fcb00000|  0%| F|  |TAMS 0x00000000fca00000, 0x00000000fca00000| Untracked 
|  11|0x00000000fcb00000, 0x00000000fcb00000, 0x00000000fcc00000|  0%| F|  |TAMS 0x00000000fcb00000, 0x00000000fcb00000| Untracked 
|  12|0x00000000fcc00000, 0x00000000fcc00000, 0x00000000fcd00000|  0%| F|  |TAMS 0x00000000fcc00000, 0x00000000fcc00000| Untracked 
|  13|0x00000000fcd00000, 0x00000000fcd00000, 0x00000000fce00000|  0%| F|  |TAMS 0x00000000fcd00000, 0x00000000fcd00000| Untracked 
|  14|0x00000000fce00000, 0x00000000fce00000, 0x00000000fcf00000|  0%| F|  |TAMS 0x00000000fce00000, 0x00000000fce00000| Untracked 
|  15|0x00000000fcf00000, 0x00000000fcf00000, 0x00000000fd000000|  0%| F|  |TAMS 0x00000000fcf00000, 0x00000000fcf00000| Untracked 
|  16|0x00000000fd000000, 0x00000000fd000000, 0x00000000fd100000|  0%| F|  |TAMS 0x00000000fd000000, 0x00000000fd000000| Untracked 
|  17|0x00000000fd100000, 0x00000000fd100000, 0x00000000fd200000|  0%| F|  |TAMS 0x00000000fd100000, 0x00000000fd100000| Untracked 
|  18|0x00000000fd200000, 0x00000000fd200000, 0x00000000fd300000|  0%| F|  |TAMS 0x00000000fd200000, 0x00000000fd200000| Untracked 
|  19|0x00000000fd300000, 0x00000000fd300000, 0x00000000fd400000|  0%| F|  |TAMS 0x00000000fd300000, 0x00000000fd300000| Untracked 
|  20|0x00000000fd400000, 0x00000000fd400000, 0x00000000fd500000|  0%| F|  |TAMS 0x00000000fd400000, 0x00000000fd400000| Untracked 
|  21|0x00000000fd500000, 0x00000000fd500000, 0x00000000fd600000|  0%| F|  |TAMS 0x00000000fd500000, 0x00000000fd500000| Untracked 
|  22|0x00000000fd600000, 0x00000000fd600000, 0x00000000fd700000|  0%| F|  |TAMS 0x00000000fd600000, 0x00000000fd600000| Untracked 
|  23|0x00000000fd700000, 0x00000000fd700000, 0x00000000fd800000|  0%| F|  |TAMS 0x00000000fd700000, 0x00000000fd700000| Untracked 
|  24|0x00000000fd800000, 0x00000000fd800000, 0x00000000fd900000|  0%| F|  |TAMS 0x00000000fd800000, 0x00000000fd800000| Untracked 
|  25|0x00000000fd900000, 0x00000000fd900000, 0x00000000fda00000|  0%| F|  |TAMS 0x00000000fd900000, 0x00000000fd900000| Untracked 
|  26|0x00000000fda00000, 0x00000000fda00000, 0x00000000fdb00000|  0%| F|  |TAMS 0x00000000fda00000, 0x00000000fda00000| Untracked 
|  27|0x00000000fdb00000, 0x00000000fdb00000, 0x00000000fdc00000|  0%| F|  |TAMS 0x00000000fdb00000, 0x00000000fdb00000| Untracked 
|  28|0x00000000fdc00000, 0x00000000fdc00000, 0x00000000fdd00000|  0%| F|  |TAMS 0x00000000fdc00000, 0x00000000fdc00000| Untracked 
|  29|0x00000000fdd00000, 0x00000000fdd00000, 0x00000000fde00000|  0%| F|  |TAMS 0x00000000fdd00000, 0x00000000fdd00000| Untracked 
|  30|0x00000000fde00000, 0x00000000fde00000, 0x00000000fdf00000|  0%| F|  |TAMS 0x00000000fde00000, 0x00000000fde00000| Untracked 
|  31|0x00000000fdf00000, 0x00000000fdf00000, 0x00000000fe000000|  0%| F|  |TAMS 0x00000000fdf00000, 0x00000000fdf00000| Untracked 
|  32|0x00000000fe000000, 0x00000000fe000000, 0x00000000fe100000|  0%| F|  |TAMS 0x00000000fe000000, 0x00000000fe000000| Untracked 
|  33|0x00000000fe100000, 0x00000000fe100000, 0x00000000fe200000|  0%| F|  |TAMS 0x00000000fe100000, 0x00000000fe100000| Untracked 
|  34|0x00000000fe200000, 0x00000000fe200000, 0x00000000fe300000|  0%| F|  |TAMS 0x00000000fe200000, 0x00000000fe200000| Untracked 
|  35|0x00000000fe300000, 0x00000000fe300000, 0x00000000fe400000|  0%| F|  |TAMS 0x00000000fe300000, 0x00000000fe300000| Untracked 
|  36|0x00000000fe400000, 0x00000000fe400000, 0x00000000fe500000|  0%| F|  |TAMS 0x00000000fe400000, 0x00000000fe400000| Untracked 
|  37|0x00000000fe500000, 0x00000000fe600000, 0x00000000fe600000|100%| S|CS|TAMS 0x00000000fe500000, 0x00000000fe500000| Complete 
|  38|0x00000000fe600000, 0x00000000fe700000, 0x00000000fe700000|100%| S|CS|TAMS 0x00000000fe600000, 0x00000000fe600000| Complete 
|  39|0x00000000fe700000, 0x00000000fe800000, 0x00000000fe800000|100%| S|CS|TAMS 0x00000000fe700000, 0x00000000fe700000| Complete 
|  40|0x00000000fe800000, 0x00000000fe800000, 0x00000000fe900000|  0%| F|  |TAMS 0x00000000fe800000, 0x00000000fe800000| Untracked 
|  41|0x00000000fe900000, 0x00000000fe900000, 0x00000000fea00000|  0%| F|  |TAMS 0x00000000fe900000, 0x00000000fe900000| Untracked 
|  42|0x00000000fea00000, 0x00000000fea00000, 0x00000000feb00000|  0%| F|  |TAMS 0x00000000fea00000, 0x00000000fea00000| Untracked 
|  43|0x00000000feb00000, 0x00000000feb00000, 0x00000000fec00000|  0%| F|  |TAMS 0x00000000feb00000, 0x00000000feb00000| Untracked 
|  44|0x00000000fec00000, 0x00000000fec00000, 0x00000000fed00000|  0%| F|  |TAMS 0x00000000fec00000, 0x00000000fec00000| Untracked 
|  45|0x00000000fed00000, 0x00000000fed00000, 0x00000000fee00000|  0%| F|  |TAMS 0x00000000fed00000, 0x00000000fed00000| Untracked 
|  46|0x00000000fee00000, 0x00000000fee00000, 0x00000000fef00000|  0%| F|  |TAMS 0x00000000fee00000, 0x00000000fee00000| Untracked 
|  47|0x00000000fef00000, 0x00000000fef00000, 0x00000000ff000000|  0%| F|  |TAMS 0x00000000fef00000, 0x00000000fef00000| Untracked 
|  48|0x00000000ff000000, 0x00000000ff000000, 0x00000000ff100000|  0%| F|  |TAMS 0x00000000ff000000, 0x00000000ff000000| Untracked 
|  49|0x00000000ff100000, 0x00000000ff100000, 0x00000000ff200000|  0%| F|  |TAMS 0x00000000ff100000, 0x00000000ff100000| Untracked 
|  50|0x00000000ff200000, 0x00000000ff200000, 0x00000000ff300000|  0%| F|  |TAMS 0x00000000ff200000, 0x00000000ff200000| Untracked 
|  51|0x00000000ff300000, 0x00000000ff300000, 0x00000000ff400000|  0%| F|  |TAMS 0x00000000ff300000, 0x00000000ff300000| Untracked 
|  52|0x00000000ff400000, 0x00000000ff400000, 0x00000000ff500000|  0%| F|  |TAMS 0x00000000ff400000, 0x00000000ff400000| Untracked 
|  53|0x00000000ff500000, 0x00000000ff500000, 0x00000000ff600000|  0%| F|  |TAMS 0x00000000ff500000, 0x00000000ff500000| Untracked 
|  54|0x00000000ff600000, 0x00000000ff600000, 0x00000000ff700000|  0%| F|  |TAMS 0x00000000ff600000, 0x00000000ff600000| Untracked 
|  55|0x00000000ff700000, 0x00000000ff700000, 0x00000000ff800000|  0%| F|  |TAMS 0x00000000ff700000, 0x00000000ff700000| Untracked 
|  56|0x00000000ff800000, 0x00000000ff800000, 0x00000000ff900000|  0%| F|  |TAMS 0x00000000ff800000, 0x00000000ff800000| Untracked 
|  57|0x00000000ff900000, 0x00000000ff900000, 0x00000000ffa00000|  0%| F|  |TAMS 0x00000000ff900000, 0x00000000ff900000| Untracked 
|  58|0x00000000ffa00000, 0x00000000ffa00000, 0x00000000ffb00000|  0%| F|  |TAMS 0x00000000ffa00000, 0x00000000ffa00000| Untracked 
|  59|0x00000000ffb00000, 0x00000000ffb00000, 0x00000000ffc00000|  0%| F|  |TAMS 0x00000000ffb00000, 0x00000000ffb00000| Untracked 
|  60|0x00000000ffc00000, 0x00000000ffc00000, 0x00000000ffd00000|  0%| F|  |TAMS 0x00000000ffc00000, 0x00000000ffc00000| Untracked 
|  61|0x00000000ffd00000, 0x00000000ffd00000, 0x00000000ffe00000|  0%| F|  |TAMS 0x00000000ffd00000, 0x00000000ffd00000| Untracked 
|  62|0x00000000ffe00000, 0x00000000ffe00000, 0x00000000fff00000|  0%| F|  |TAMS 0x00000000ffe00000, 0x00000000ffe00000| Untracked 
|  63|0x00000000fff00000, 0x0000000100000000, 0x0000000100000000|100%| E|  |TAMS 0x00000000fff00000, 0x00000000fff00000| Complete 

Card table byte_map: [0x0000023c1b610000,0x0000023c1b630000] _byte_map_base: 0x0000023c1ae30000

Marking Bits (Prev, Next): (CMBitMap*) 0x0000023c1b6f1aa8, (CMBitMap*) 0x0000023c1b6f1ae0
 Prev Bits: [0x0000023c33180000, 0x0000023c33280000)
 Next Bits: [0x0000023c33280000, 0x0000023c33380000)

Polling page: 0x0000023c195e0000

Metaspace:

Usage:
  Non-class:      9.26 MB capacity,     9.09 MB ( 98%) used,   165.95 KB (  2%) free+waste,    11.00 KB ( <1%) overhead. 
      Class:      1.11 MB capacity,     1.03 MB ( 93%) used,    72.17 KB (  6%) free+waste,     5.44 KB ( <1%) overhead. 
       Both:     10.37 MB capacity,    10.12 MB ( 98%) used,   238.13 KB (  2%) free+waste,    16.44 KB ( <1%) overhead. 

Virtual space:
  Non-class space:       16.00 MB reserved,       9.50 MB ( 59%) committed 
      Class space:        1.00 GB reserved,       1.13 MB ( <1%) committed 
             Both:        1.02 GB reserved,      10.63 MB (  1%) committed 

Chunk freelists:
   Non-Class:  51.00 KB
       Class:  15.00 KB
        Both:  66.00 KB

MaxMetaspaceSize: 17179869184.00 GB
CompressedClassSpaceSize: 1.00 GB
Initial GC threshold: 20.80 MB
Current GC threshold: 20.80 MB
CDS: off

CodeHeap 'non-profiled nmethods': size=120000Kb used=354Kb max_used=354Kb free=119645Kb
 bounds [0x0000023c2b920000, 0x0000023c2bb90000, 0x0000023c32e50000]
CodeHeap 'profiled nmethods': size=120000Kb used=1681Kb max_used=1681Kb free=118318Kb
 bounds [0x0000023c243f0000, 0x0000023c24660000, 0x0000023c2b920000]
CodeHeap 'non-nmethods': size=5760Kb used=1119Kb max_used=1141Kb free=4640Kb
 bounds [0x0000023c23e50000, 0x0000023c240c0000, 0x0000023c243f0000]
 total_blobs=1267 nmethods=897 adapters=283
 compilation: enabled
              stopped_count=0, restarted_count=0
 full_count=0

Compilation events (20 events):
Event: 1.043 Thread 0x0000023c36c94800 nmethod 852 0x0000023c2b970c90 code [0x0000023c2b970e60, 0x0000023c2b971028]
Event: 1.043 Thread 0x0000023c36c94800  867   !   4       jdk.internal.loader.URLClassPath$JarLoader::getResource (65 bytes)
Event: 1.044 Thread 0x0000023c3659a000 nmethod 873 0x0000023c2458e890 code [0x0000023c2458eb60, 0x0000023c2458f908]
Event: 1.044 Thread 0x0000023c3659a000  875       3       java.lang.invoke.LambdaForm$Name::<init> (54 bytes)
Event: 1.044 Thread 0x0000023c3659a000 nmethod 875 0x0000023c2458fd90 code [0x0000023c2458ff60, 0x0000023c24590218]
Event: 1.044 Thread 0x0000023c3659a000  879       3       jdk.internal.org.objectweb.asm.Frame::push (110 bytes)
Event: 1.044 Thread 0x0000023c3659a000 nmethod 879 0x0000023c24590310 code [0x0000023c24590500, 0x0000023c24590a68]
Event: 1.045 Thread 0x0000023c3659a000  880       3       sun.invoke.util.Wrapper::forBasicType (16 bytes)
Event: 1.045 Thread 0x0000023c3659a000 nmethod 880 0x0000023c24590c10 code [0x0000023c24590de0, 0x0000023c24590f68]
Event: 1.047 Thread 0x0000023c3659a000  886       3       java.lang.invoke.MethodType::erase (8 bytes)
Event: 1.048 Thread 0x0000023c3659a000 nmethod 886 0x0000023c24591010 code [0x0000023c245911c0, 0x0000023c245912d8]
Event: 1.048 Thread 0x0000023c3659a000  887       3       sun.invoke.util.BytecodeDescriptor::unparseSig (91 bytes)
Event: 1.049 Thread 0x0000023c3659a000 nmethod 887 0x0000023c24591390 code [0x0000023c24591620, 0x0000023c24591e68]
Event: 1.049 Thread 0x0000023c3659a000  891       3       java.util.ArrayList::<init> (12 bytes)
Event: 1.049 Thread 0x0000023c3659a000 nmethod 891 0x0000023c24592210 code [0x0000023c245923e0, 0x0000023c24592678]
Event: 1.049 Thread 0x0000023c3659a000  892       3       jdk.internal.org.objectweb.asm.ClassWriter::put122 (15 bytes)
Event: 1.049 Thread 0x0000023c3659a000 nmethod 892 0x0000023c24592790 code [0x0000023c24592960, 0x0000023c24592af8]
Event: 1.049 Thread 0x0000023c3659a000  895       1       java.lang.invoke.LambdaForm$NamedFunction::intrinsicName (5 bytes)
Event: 1.049 Thread 0x0000023c3659a000 nmethod 895 0x0000023c2b973490 code [0x0000023c2b973640, 0x0000023c2b9736f8]
Event: 1.050 Thread 0x0000023c3659a000  896       3       jdk.internal.org.objectweb.asm.MethodWriter::visitVarInsn (300 bytes)

GC Heap History (2 events):
Event: 1.019 GC heap before
{Heap before GC invocations=0 (full 0):
 garbage-first heap   total 65536K, used 29696K [0x00000000fc000000, 0x0000000100000000)
  region size 1024K, 24 young (24576K), 0 survivors (0K)
 Metaspace       used 10254K, capacity 10478K, committed 10624K, reserved 1060864K
  class space    used 1040K, capacity 1129K, committed 1152K, reserved 1048576K
}
Event: 1.028 GC heap after
{Heap after GC invocations=1 (full 0):
 garbage-first heap   total 65536K, used 9266K [0x00000000fc000000, 0x0000000100000000)
  region size 1024K, 3 young (3072K), 3 survivors (3072K)
 Metaspace       used 10254K, capacity 10478K, committed 10624K, reserved 1060864K
  class space    used 1040K, capacity 1129K, committed 1152K, reserved 1048576K
}

Deoptimization events (20 events):
Event: 0.962 Thread 0x0000023c1b6cf000 Uncommon trap: trap_request=0xffffffde fr.pc=0x0000023c2b93e92c relative=0x000000000000038c
Event: 0.962 Thread 0x0000023c1b6cf000 Uncommon trap: reason=class_check action=maybe_recompile pc=0x0000023c2b93e92c method=java.util.regex.Matcher.match(II)Z @ 121 c2
Event: 0.962 Thread 0x0000023c1b6cf000 DEOPT PACKING pc=0x0000023c2b93e92c sp=0x0000006af8afced0
Event: 0.962 Thread 0x0000023c1b6cf000 DEOPT UNPACKING pc=0x0000023c23e9a1af sp=0x0000006af8afce78 mode 2
Event: 0.963 Thread 0x0000023c1b6cf000 Uncommon trap: trap_request=0xffffffde fr.pc=0x0000023c2b93e92c relative=0x000000000000038c
Event: 0.963 Thread 0x0000023c1b6cf000 Uncommon trap: reason=class_check action=maybe_recompile pc=0x0000023c2b93e92c method=java.util.regex.Matcher.match(II)Z @ 121 c2
Event: 0.963 Thread 0x0000023c1b6cf000 DEOPT PACKING pc=0x0000023c2b93e92c sp=0x0000006af8afcd50
Event: 0.963 Thread 0x0000023c1b6cf000 DEOPT UNPACKING pc=0x0000023c23e9a1af sp=0x0000006af8afccf8 mode 2
Event: 0.963 Thread 0x0000023c1b6cf000 Uncommon trap: trap_request=0xffffffde fr.pc=0x0000023c2b93e92c relative=0x000000000000038c
Event: 0.963 Thread 0x0000023c1b6cf000 Uncommon trap: reason=class_check action=maybe_recompile pc=0x0000023c2b93e92c method=java.util.regex.Matcher.match(II)Z @ 121 c2
Event: 0.963 Thread 0x0000023c1b6cf000 DEOPT PACKING pc=0x0000023c2b93e92c sp=0x0000006af8afcd50
Event: 0.963 Thread 0x0000023c1b6cf000 DEOPT UNPACKING pc=0x0000023c23e9a1af sp=0x0000006af8afccf8 mode 2
Event: 0.967 Thread 0x0000023c1b6cf000 Uncommon trap: trap_request=0xffffff4d fr.pc=0x0000023c2b92dc74 relative=0x0000000000000054
Event: 0.967 Thread 0x0000023c1b6cf000 Uncommon trap: reason=unstable_if action=reinterpret pc=0x0000023c2b92dc74 method=java.util.regex.Pattern.has(I)Z @ 6 c2
Event: 0.968 Thread 0x0000023c1b6cf000 DEOPT PACKING pc=0x0000023c2b92dc74 sp=0x0000006af8afcb40
Event: 0.968 Thread 0x0000023c1b6cf000 DEOPT UNPACKING pc=0x0000023c23e9a1af sp=0x0000006af8afcad0 mode 2
Event: 0.971 Thread 0x0000023c1b6cf000 Uncommon trap: trap_request=0xffffff4d fr.pc=0x0000023c2b964e54 relative=0x0000000000000214
Event: 0.971 Thread 0x0000023c1b6cf000 Uncommon trap: reason=unstable_if action=reinterpret pc=0x0000023c2b964e54 method=java.util.HashMap.hash(Ljava/lang/Object;)I @ 1 c2
Event: 0.971 Thread 0x0000023c1b6cf000 DEOPT PACKING pc=0x0000023c2b964e54 sp=0x0000006af8afce30
Event: 0.971 Thread 0x0000023c1b6cf000 DEOPT UNPACKING pc=0x0000023c23e9a1af sp=0x0000006af8afcd68 mode 2

Classes redefined (0 events):
No events

Internal exceptions (8 events):
Event: 0.256 Thread 0x0000023c1b6cf000 Exception <a 'java/lang/NoSuchMethodError'{0x00000000ffc5a300}: 'int java.lang.invoke.DirectMethodHandle$Holder.invokeStaticInit(java.lang.Object, java.lang.Object)'> (0x00000000ffc5a300) thrown at [./src/hotspot/share/interpreter/linkResolver.cpp, line 773]
Event: 0.320 Thread 0x0000023c1b6cf000 Exception <a 'java/lang/NoSuchMethodError'{0x00000000ffb2cfc0}: 'int java.lang.invoke.DirectMethodHandle$Holder.invokeSpecial(java.lang.Object, java.lang.Object, java.lang.Object, java.lang.Object)'> (0x00000000ffb2cfc0) thrown at [./src/hotspot/share/interpreter/linkResolver.cpp, line 773]
Event: 0.329 Thread 0x0000023c1b6cf000 Exception <a 'java/lang/NoSuchMethodError'{0x00000000ffb65550}: 'int java.lang.invoke.DirectMethodHandle$Holder.invokeSpecialIFC(java.lang.Object, java.lang.Object, int)'> (0x00000000ffb65550) thrown at [./src/hotspot/share/interpreter/linkResolver.cpp, line 773]
Event: 0.971 Thread 0x0000023c1b6cf000 Implicit null exception at 0x0000023c2b964c75 to 0x0000023c2b964e44
Event: 1.003 Thread 0x0000023c1b6cf000 Exception <a 'java/lang/NoClassDefFoundError'{0x00000000fe857c48}: org/slf4j/impl/StaticMarkerBinder> (0x00000000fe857c48) thrown at [./src/hotspot/share/classfile/systemDictionary.cpp, line 219]
Event: 1.041 Thread 0x0000023c1b6cf000 Exception <a 'java/lang/NoSuchMethodError'{0x00000000fff556b0}: 'java.lang.Object java.lang.invoke.DirectMethodHandle$Holder.invokeVirtual(java.lang.Object, java.lang.Object, java.lang.Object, java.lang.Object, java.lang.Object, java.lang.Object, java.lang.Object)'> (0x00000000fff556b0) thrown at [./src/hotspot/share/interpreter/linkResolver.cpp, line 773]
Event: 1.045 Thread 0x0000023c1b6cf000 Exception <a 'java/lang/NoSuchMethodError'{0x00000000fff69918}: 'java.lang.Object java.lang.invoke.Invokers$Holder.invoker(java.lang.Object, java.lang.Object, java.lang.Object)'> (0x00000000fff69918) thrown at [./src/hotspot/share/interpreter/linkResolver.cpp, line 773]
Event: 1.048 Thread 0x0000023c1b6cf000 Exception <a 'java/lang/NoSuchMethodError'{0x00000000fff7a5b8}: 'void java.lang.invoke.DelegatingMethodHandle$Holder.delegate(java.lang.Object, java.lang.Object, int, java.lang.Object)'> (0x00000000fff7a5b8) thrown at [./src/hotspot/share/interpreter/linkResolver.cpp, line 773]

Events (20 events):
Event: 1.042 loading class org/gradle/internal/service/DefaultServiceRegistry$1
Event: 1.042 loading class org/gradle/internal/service/DefaultServiceRegistry$1 done
Event: 1.043 loading class org/gradle/internal/service/DefaultServiceRegistry$ConstructorService
Event: 1.043 loading class org/gradle/internal/service/DefaultServiceRegistry$ConstructorService done
Event: 1.045 loading class java/lang/invoke/MethodHandleImpl$WrappedMember
Event: 1.045 loading class java/lang/invoke/MethodHandleImpl$WrappedMember done
Event: 1.046 loading class java/lang/invoke/MethodHandleImpl$LoopClauses
Event: 1.046 loading class java/lang/invoke/MethodHandleImpl$LoopClauses done
Event: 1.046 loading class java/lang/invoke/MethodHandleImpl$ArrayAccess
Event: 1.046 loading class java/lang/invoke/MethodHandleImpl$ArrayAccess done
Event: 1.046 loading class java/lang/InternalError
Event: 1.046 loading class java/lang/InternalError done
Event: 1.046 loading class java/lang/invoke/MethodHandleImpl$2
Event: 1.046 loading class java/lang/invoke/MethodHandleImpl$2 done
Event: 1.046 loading class java/lang/invoke/MethodHandleImpl$ArrayAccessor
Event: 1.046 Executing VM operation: CollectForMetadataAllocation
Event: 1.046 Executing VM operation: CollectForMetadataAllocation done
Event: 1.046 loading class java/lang/invoke/MethodHandleImpl$ArrayAccessor done
Event: 1.047 loading class java/lang/invoke/MethodHandleImpl$ArrayAccessor$1
Event: 1.047 loading class java/lang/invoke/MethodHandleImpl$ArrayAccessor$1 done


Dynamic libraries:
0x00007ff67f920000 - 0x00007ff67f92d000 	C:\Program Files\Microsoft\jdk-11.0.18.10-hotspot\bin\java.exe
0x00007ff9a9db0000 - 0x00007ff9a9fa6000 	C:\WINDOWS\SYSTEM32\ntdll.dll
0x00007ff9a9540000 - 0x00007ff9a95fd000 	C:\WINDOWS\System32\KERNEL32.DLL
0x00007ff9a7ab0000 - 0x00007ff9a7d79000 	C:\WINDOWS\System32\KERNELBASE.dll
0x00007ff9a79b0000 - 0x00007ff9a7ab0000 	C:\WINDOWS\System32\ucrtbase.dll
0x00007ff964ab0000 - 0x00007ff964ac7000 	C:\Program Files\Microsoft\jdk-11.0.18.10-hotspot\bin\jli.dll
0x00007ff964d90000 - 0x00007ff964da5000 	C:\Program Files\Microsoft\jdk-11.0.18.10-hotspot\bin\VCRUNTIME140.dll
0x00007ff9a9270000 - 0x00007ff9a9410000 	C:\WINDOWS\System32\USER32.dll
0x00007ff9a7de0000 - 0x00007ff9a7e02000 	C:\WINDOWS\System32\win32u.dll
0x00007ff9a9210000 - 0x00007ff9a923a000 	C:\WINDOWS\System32\GDI32.dll
0x00007ff9a75a0000 - 0x00007ff9a76a9000 	C:\WINDOWS\System32\gdi32full.dll
0x00007ff9a7860000 - 0x00007ff9a78fd000 	C:\WINDOWS\System32\msvcp_win.dll
0x00007ff98ce90000 - 0x00007ff98d12b000 	C:\WINDOWS\WinSxS\amd64_microsoft.windows.common-controls_6595b64144ccf1df_6.0.19041.488_none_ca04af081b815d21\COMCTL32.dll
0x00007ff9a8740000 - 0x00007ff9a87de000 	C:\WINDOWS\System32\msvcrt.dll
0x00007ff9a9240000 - 0x00007ff9a9270000 	C:\WINDOWS\System32\IMM32.DLL
0x00007ff92d110000 - 0x00007ff92d1ab000 	C:\Program Files\Microsoft\jdk-11.0.18.10-hotspot\bin\msvcp140.dll
0x00007ff92c570000 - 0x00007ff92d102000 	C:\Program Files\Microsoft\jdk-11.0.18.10-hotspot\bin\server\jvm.dll
0x00007ff9a85c0000 - 0x00007ff9a866c000 	C:\WINDOWS\System32\ADVAPI32.dll
0x00007ff9a88d0000 - 0x00007ff9a896c000 	C:\WINDOWS\System32\sechost.dll
0x00007ff9a9410000 - 0x00007ff9a953b000 	C:\WINDOWS\System32\RPCRT4.dll
0x00007ff9a8d30000 - 0x00007ff9a8d38000 	C:\WINDOWS\System32\PSAPI.DLL
0x00007ff977580000 - 0x00007ff977589000 	C:\WINDOWS\SYSTEM32\WSOCK32.dll
0x00007ff9a1120000 - 0x00007ff9a112a000 	C:\WINDOWS\SYSTEM32\VERSION.dll
0x00007ff993110000 - 0x00007ff993137000 	C:\WINDOWS\SYSTEM32\WINMM.dll
0x00007ff9a9d00000 - 0x00007ff9a9d6b000 	C:\WINDOWS\System32\WS2_32.dll
0x00007ff9a5e00000 - 0x00007ff9a5e12000 	C:\WINDOWS\SYSTEM32\kernel.appcore.dll
0x00007ff977540000 - 0x00007ff977550000 	C:\Program Files\Microsoft\jdk-11.0.18.10-hotspot\bin\verify.dll
0x00007ff9a4b50000 - 0x00007ff9a4d34000 	C:\WINDOWS\SYSTEM32\DBGHELP.DLL
0x00007ff98f6e0000 - 0x00007ff98f70c000 	C:\WINDOWS\SYSTEM32\dbgcore.DLL
0x00007ff9a7520000 - 0x00007ff9a75a0000 	C:\WINDOWS\System32\bcryptPrimitives.dll
0x00007ff963ee0000 - 0x00007ff963f08000 	C:\Program Files\Microsoft\jdk-11.0.18.10-hotspot\bin\java.dll
0x00007ff972fb0000 - 0x00007ff972fba000 	C:\Program Files\Microsoft\jdk-11.0.18.10-hotspot\bin\jimage.dll
0x00007ff963de0000 - 0x00007ff963df8000 	C:\Program Files\Microsoft\jdk-11.0.18.10-hotspot\bin\zip.dll
0x00007ff9a7e10000 - 0x00007ff9a8552000 	C:\WINDOWS\System32\SHELL32.dll
0x00007ff9a5590000 - 0x00007ff9a5d25000 	C:\WINDOWS\SYSTEM32\windows.storage.dll
0x00007ff9a89d0000 - 0x00007ff9a8d26000 	C:\WINDOWS\System32\combase.dll
0x00007ff9a6f60000 - 0x00007ff9a6f8c000 	C:\WINDOWS\SYSTEM32\Wldp.dll
0x00007ff9a8e60000 - 0x00007ff9a8f0e000 	C:\WINDOWS\System32\SHCORE.dll
0x00007ff9a8870000 - 0x00007ff9a88c5000 	C:\WINDOWS\System32\shlwapi.dll
0x00007ff9a7420000 - 0x00007ff9a7446000 	C:\WINDOWS\SYSTEM32\profapi.dll
0x00007ff963dc0000 - 0x00007ff963dd9000 	C:\Program Files\Microsoft\jdk-11.0.18.10-hotspot\bin\net.dll
0x00007ff994a20000 - 0x00007ff994b20000 	C:\WINDOWS\SYSTEM32\WINHTTP.dll
0x00007ff9a6ce0000 - 0x00007ff9a6d4a000 	C:\WINDOWS\system32\mswsock.dll
0x00007ff963880000 - 0x00007ff963893000 	C:\Program Files\Microsoft\jdk-11.0.18.10-hotspot\bin\nio.dll

dbghelp: loaded successfully - version: 4.0.5 - missing functions: none
symbol engine: initialized successfully - sym options: 0x614 - pdb path: .;C:\Program Files\Microsoft\jdk-11.0.18.10-hotspot\bin;C:\WINDOWS\SYSTEM32;C:\WINDOWS\WinSxS\amd64_microsoft.windows.common-controls_6595b64144ccf1df_6.0.19041.488_none_ca04af081b815d21;C:\Program Files\Microsoft\jdk-11.0.18.10-hotspot\bin\server

VM Arguments:
jvm_args: -Xmx64m -Xms64m -Dorg.gradle.appname=gradlew 
java_command: org.gradle.wrapper.GradleWrapperMain app:installDebug -PreactNativeDevServerPort=8081
java_class_path (initial): F:\Task\android\\gradle\wrapper\gradle-wrapper.jar
Launcher Type: SUN_STANDARD

[Global flags]
     intx CICompilerCount                          = 4                                         {product} {ergonomic}
     uint ConcGCThreads                            = 2                                         {product} {ergonomic}
     uint G1ConcRefinementThreads                  = 8                                         {product} {ergonomic}
   size_t G1HeapRegionSize                         = 1048576                                   {product} {ergonomic}
    uintx GCDrainStackTargetSize                   = 64                                        {product} {ergonomic}
   size_t InitialHeapSize                          = 67108864                                  {product} {command line}
   size_t MarkStackSize                            = 4194304                                   {product} {ergonomic}
   size_t MaxHeapSize                              = 67108864                                  {product} {command line}
   size_t MaxNewSize                               = 39845888                                  {product} {ergonomic}
   size_t MinHeapDeltaBytes                        = 1048576                                   {product} {ergonomic}
    uintx NonNMethodCodeHeapSize                   = 5836300                                {pd product} {ergonomic}
    uintx NonProfiledCodeHeapSize                  = 122910970                              {pd product} {ergonomic}
    uintx ProfiledCodeHeapSize                     = 122910970                              {pd product} {ergonomic}
    uintx ReservedCodeCacheSize                    = 251658240                              {pd product} {ergonomic}
     bool SegmentedCodeCache                       = true                                      {product} {ergonomic}
     bool UseCompressedClassPointers               = true                                 {lp64_product} {ergonomic}
     bool UseCompressedOops                        = true                                 {lp64_product} {ergonomic}
     bool UseG1GC                                  = true                                      {product} {ergonomic}
     bool UseLargePagesIndividualAllocation        = false                                  {pd product} {ergonomic}

Logging:
Log output configuration:
 #0: stdout all=warning uptime,level,tags
 #1: stderr all=off uptime,level,tags

Environment Variables:
JAVA_HOME=C:\Program Files\Microsoft\jdk-11.0.18.10-hotspot\
CLASSPATH=F:\Task\android\\gradle\wrapper\gradle-wrapper.jar
PATH=F:\Task\android\node_modules\.bin;F:\Task\node_modules\.bin;F:\node_modules\.bin;D:\VS code JS\Setup;F:\Task\node_modules\.bin;F:\Task\node_modules\.bin;F:\node_modules\.bin;D:\VS code JS\Setup\node_modules\npm\node_modules\@npmcli\run-script\lib\node-gyp-bin;F:\Task\node_modules\.bin;F:\node_modules\.bin;D:\VS code JS\Setup;F:\Task\node_modules\.bin;F:\node_modules\.bin;D:\VS code JS\Setup\node_modules\npm\node_modules\@npmcli\run-script\lib\node-gyp-bin;C:\Program Files\Microsoft\jdk-11.0.18.10-hotspot\bin;C:\Users\Admin\AppData\Local\Programs\Python\Python39\Scripts\;C:\Users\Admin\AppData\Local\Programs\Python\Python39\;C:\Program Files (x86)\VMware\VMware Workstation\bin\;C:\Windows\system32;C:\Windows;C:\Windows\System32\Wbem;C:\Windows\System32\WindowsPowerShell\v1.0\;C:\Windows\System32\OpenSSH\;C:\Program Files (x86)\NVIDIA Corporation\PhysX\Common;C:\Program Files\dotnet\;C:\Program Files\Microsoft SQL Server\Client SDK\ODBC\170\Tools\Binn\;C:\WINDOWS\system32;C:\WINDOWS;C:\WINDOWS\System32\Wbem;C:\WINDOWS\System32\WindowsPowerShell\v1.0\;C:\WINDOWS\System32\OpenSSH\;C:\Program Files\NVIDIA Corporation\NVIDIA NvDLISR;C:\Users\Admin\AppData\Local\Microsoft\WindowsApps;C:\Users\Admin\AppData\Roaming\Dashlane\6.1950.0.28527\bin\Firefox_Extension\{442718d9-475e-452a-b3e1-fb1ee16b8e9f}\components;C:\Users\Admin\AppData\Roaming\Dashlane\6.1950.0.28527\ucrt;C:\Users\Admin\AppData\Roaming\Dashlane\6.1950.0.28527\bin\Qt;C:\Users\Admin\AppData\Roaming\Dashlane\6.1950.0.28527\bin\Ssl;C:\adb;C:\Program Files\Microsoft SQL Server\Client SDK\ODBC\110\Tools\Binn\;C:\Program Files (x86)\Microsoft SQL Server\150\Tools\Binn\;C:\Program Files\Microsoft SQL Server\150\Tools\Binn\;C:\Program Files\Microsoft SQL Server\150\DTS\Binn\;D:\Java8\bin;D:\apache-maven-3.6.0\bin;C:\WINDOWS\system32;C:\WINDOWS;C:\WINDOWS\System32\Wbem;C:\WINDOWS\System32\WindowsPowerShell\v1.0\;C:\WINDOWS\System32\OpenSSH\;C:\Program Files\Azure Data Studio\bin;D:\Git\cmd;C:\ProgramData\chocolatey\bin
USERNAME=BAP
LANG=en_US.UTF-8
OS=Windows_NT
PROCESSOR_IDENTIFIER=Intel64 Family 6 Model 142 Stepping 10, GenuineIntel
TMP=C:\Users\BAP\AppData\Local\Temp
TEMP=C:\Users\BAP\AppData\Local\Temp



---------------  S Y S T E M  ---------------

OS: Windows 10 , 64 bit Build 19041 (10.0.19041.662)
OS uptime: 0 days 20:29 hours

CPU:total 8 (initial active 8) (4 cores per cpu, 2 threads per core) family 6 model 142 stepping 10 microcode 0xb4, cmov, cx8, fxsr, mmx, sse, sse2, sse3, ssse3, sse4.1, sse4.2, popcnt, avx, avx2, aes, clmul, erms, 3dnowpref, lzcnt, ht, tsc, tscinvbit, bmi1, bmi2, adx, fma

Memory: 4k page, system-wide physical 8067M (1050M free)
TotalPageFile size 14511M (AvailPageFile size 0M)
current process WorkingSet (physical memory assigned to process): 85M, peak: 85M
current process commit charge ("private bytes"): 157M, peak: 157M

vm_info: OpenJDK 64-Bit Server VM (11.0.18+10-LTS) for windows-amd64 JRE (11.0.18+10-LTS), built on Jan 18 2023 15:56:47 by "MicrosoftCorporation" with MS VC++ 15.9 (VS2017)

END.
